<?xml version="1.0" encoding="UTF-8"?>
<testsuite name="org.hszg.logic.board.SaveFileTest" tests="4" skipped="0" failures="0" errors="0" timestamp="2025-12-16T12:41:54.288Z" hostname="MacBook-Air-von-Niklas.local" time="0.008">
  <properties/>
  <testcase name="Test correct creation of savecode" classname="org.hszg.logic.board.SaveFileTest" time="0.004"/>
  <testcase name="Test detection of full board and it being saved properly" classname="org.hszg.logic.board.SaveFileTest" time="0.001"/>
  <testcase name="Test successful loading and saving" classname="org.hszg.logic.board.SaveFileTest" time="0.001"/>
  <testcase name="Test loading with fixed string as expected result" classname="org.hszg.logic.board.SaveFileTest" time="0.001"/>
  <system-out><![CDATA[File created in: 'savestats.txt'
File created in: 'savestats.txt'
File created in: 'savestats.txt'
File created in: 'savestats.txt'
]]></system-out>
  <system-err><![CDATA[]]></system-err>
</testsuite>
