<?xml version="1.0" encoding="UTF-8"?>
<testsuite name="org.hszg.logic.GameTest" tests="22" skipped="0" failures="0" errors="0" timestamp="2025-12-16T12:41:54.052Z" hostname="MacBook-Air-von-Niklas.local" time="0.229">
  <properties/>
  <testcase name="Volle Row ohne Sieger" classname="org.hszg.logic.GameTest" time="0.017"/>
  <testcase name="Test für zwei normale Züge, auf neuem Spielfeld" classname="org.hszg.logic.GameTest" time="0.001"/>
  <testcase name="Sieg Spieler 1" classname="org.hszg.logic.GameTest" time="0.001"/>
  <testcase name="Sieg Spieler 2" classname="org.hszg.logic.GameTest" time="0.001"/>
  <testcase name="Sieg Spieler 1 - Diagonal" classname="org.hszg.logic.GameTest" time="0.0"/>
  <testcase name="repetition 1 of 5" classname="org.hszg.logic.GameTest" time="0.003"/>
  <testcase name="repetition 2 of 5" classname="org.hszg.logic.GameTest" time="0.002"/>
  <testcase name="repetition 3 of 5" classname="org.hszg.logic.GameTest" time="0.001"/>
  <testcase name="repetition 4 of 5" classname="org.hszg.logic.GameTest" time="0.001"/>
  <testcase name="repetition 5 of 5" classname="org.hszg.logic.GameTest" time="0.001"/>
  <testcase name="repetition 1 of 5" classname="org.hszg.logic.GameTest" time="0.002"/>
  <testcase name="repetition 2 of 5" classname="org.hszg.logic.GameTest" time="0.001"/>
  <testcase name="repetition 3 of 5" classname="org.hszg.logic.GameTest" time="0.001"/>
  <testcase name="repetition 4 of 5" classname="org.hszg.logic.GameTest" time="0.0"/>
  <testcase name="repetition 5 of 5" classname="org.hszg.logic.GameTest" time="0.001"/>
  <testcase name="repetition 1 of 5" classname="org.hszg.logic.GameTest" time="0.053"/>
  <testcase name="repetition 2 of 5" classname="org.hszg.logic.GameTest" time="0.035"/>
  <testcase name="repetition 3 of 5" classname="org.hszg.logic.GameTest" time="0.02"/>
  <testcase name="repetition 4 of 5" classname="org.hszg.logic.GameTest" time="0.039"/>
  <testcase name="repetition 5 of 5" classname="org.hszg.logic.GameTest" time="0.028"/>
  <testcase name="Sieg Spieler 1 - Horizontal" classname="org.hszg.logic.GameTest" time="0.001"/>
  <testcase name="Board Voll ohne Sieger" classname="org.hszg.logic.GameTest" time="0.001"/>
  <system-out><![CDATA[Spielfeld: 
| 0 || 0 || 0 || 0 || 0 || 0 || 0 |
| 0 || 0 || 0 || 0 || 0 || 0 || 0 |
| 0 || 0 || 0 || 0 || 0 || 0 || 0 |
| 0 || 0 || 0 || 1 || 0 || 0 || 0 |
| 0 || 2 || 2 || 2 || 0 || 0 || 0 |
| 2 || 1 || 1 || 1 || 1 || 0 || 0 |

Spielfeld: 
| 0 || 0 || 0 || 0 || 0 || 0 || 0 |
| 0 || 0 || 0 || 0 || 0 || 0 || 0 |
| 0 || 0 || 0 || 0 || 0 || 0 || 0 |
| 0 || 0 || 0 || 1 || 0 || 0 || 0 |
| 0 || 2 || 2 || 2 || 0 || 0 || 0 |
| 2 || 1 || 1 || 1 || 1 || 0 || 0 |

Spielfeld: 
| 0 || 0 || 0 || 0 || 0 || 0 || 0 |
| 0 || 0 || 0 || 0 || 0 || 0 || 0 |
| 0 || 0 || 0 || 0 || 0 || 0 || 0 |
| 0 || 0 || 0 || 1 || 0 || 0 || 0 |
| 0 || 2 || 2 || 2 || 0 || 0 || 0 |
| 2 || 1 || 1 || 1 || 1 || 0 || 0 |

Spielfeld: 
| 0 || 0 || 0 || 0 || 0 || 0 || 0 |
| 0 || 0 || 0 || 0 || 0 || 0 || 0 |
| 0 || 0 || 0 || 0 || 0 || 0 || 0 |
| 0 || 0 || 0 || 1 || 0 || 0 || 0 |
| 0 || 2 || 2 || 2 || 0 || 0 || 0 |
| 2 || 1 || 1 || 1 || 1 || 0 || 0 |

Spielfeld: 
| 0 || 0 || 0 || 0 || 0 || 0 || 0 |
| 0 || 0 || 0 || 0 || 0 || 0 || 0 |
| 0 || 0 || 0 || 0 || 0 || 0 || 0 |
| 0 || 0 || 0 || 1 || 0 || 0 || 0 |
| 0 || 2 || 2 || 2 || 0 || 0 || 0 |
| 2 || 1 || 1 || 1 || 1 || 0 || 0 |

Spielfeld: 
| 0 || 0 || 0 || 0 || 0 || 0 || 0 |
| 0 || 0 || 0 || 0 || 0 || 0 || 0 |
| 0 || 0 || 0 || 1 || 0 || 0 || 0 |
| 0 || 0 || 1 || 2 || 0 || 0 || 0 |
| 0 || 1 || 2 || 1 || 0 || 0 || 0 |
| 1 || 2 || 2 || 1 || 2 || 0 || 0 |

Spielfeld: 
| 0 || 0 || 0 || 0 || 0 || 0 || 0 |
| 0 || 0 || 0 || 0 || 0 || 0 || 0 |
| 0 || 0 || 0 || 1 || 0 || 0 || 0 |
| 0 || 0 || 1 || 2 || 0 || 0 || 0 |
| 0 || 1 || 2 || 1 || 0 || 0 || 0 |
| 1 || 2 || 2 || 1 || 2 || 0 || 0 |

Spielfeld: 
| 0 || 0 || 0 || 0 || 0 || 0 || 0 |
| 0 || 0 || 0 || 0 || 0 || 0 || 0 |
| 0 || 0 || 0 || 1 || 0 || 0 || 0 |
| 0 || 0 || 1 || 2 || 0 || 0 || 0 |
| 0 || 1 || 2 || 1 || 0 || 0 || 0 |
| 1 || 2 || 2 || 1 || 2 || 0 || 0 |

Spielfeld: 
| 0 || 0 || 0 || 0 || 0 || 0 || 0 |
| 0 || 0 || 0 || 0 || 0 || 0 || 0 |
| 0 || 0 || 0 || 1 || 0 || 0 || 0 |
| 0 || 0 || 1 || 2 || 0 || 0 || 0 |
| 0 || 1 || 2 || 1 || 0 || 0 || 0 |
| 1 || 2 || 2 || 1 || 2 || 0 || 0 |

Spielfeld: 
| 0 || 0 || 0 || 0 || 0 || 0 || 0 |
| 0 || 0 || 0 || 0 || 0 || 0 || 0 |
| 0 || 0 || 0 || 1 || 0 || 0 || 0 |
| 0 || 0 || 1 || 2 || 0 || 0 || 0 |
| 0 || 1 || 2 || 1 || 0 || 0 || 0 |
| 1 || 2 || 2 || 1 || 2 || 0 || 0 |

Spielfeld: 
| 0 || 0 || 0 || 0 || 0 || 0 || 0 |
| 0 || 0 || 0 || 0 || 0 || 0 || 0 |
| 0 || 0 || 0 || 0 || 0 || 0 || 0 |
| 0 || 0 || 0 || 0 || 0 || 0 || 0 |
| 0 || 0 || 1 || 2 || 0 || 0 || 0 |
| 2 || 1 || 1 || 1 || 2 || 0 || 0 |

Spielfeld: 
| 0 || 0 || 0 || 0 || 0 || 0 || 0 |
| 0 || 0 || 0 || 0 || 0 || 0 || 0 |
| 0 || 0 || 0 || 0 || 0 || 0 || 0 |
| 0 || 0 || 0 || 0 || 0 || 0 || 0 |
| 0 || 0 || 0 || 2 || 1 || 0 || 0 |
| 0 || 0 || 2 || 1 || 1 || 1 || 2 |

Spielfeld: 
| 0 || 0 || 0 || 0 || 0 || 0 || 0 |
| 0 || 0 || 0 || 0 || 0 || 0 || 0 |
| 0 || 0 || 0 || 0 || 0 || 0 || 0 |
| 0 || 0 || 0 || 2 || 0 || 0 || 0 |
| 0 || 0 || 0 || 2 || 0 || 0 || 0 |
| 2 || 1 || 1 || 1 || 1 || 0 || 0 |

Spielfeld: 
| 0 || 0 || 0 || 0 || 0 || 0 || 0 |
| 0 || 0 || 0 || 0 || 0 || 0 || 0 |
| 0 || 0 || 0 || 0 || 0 || 0 || 0 |
| 0 || 0 || 0 || 2 || 0 || 0 || 0 |
| 0 || 0 || 2 || 1 || 0 || 0 || 0 |
| 0 || 0 || 2 || 1 || 1 || 1 || 0 |

Spielfeld: 
| 0 || 0 || 0 || 0 || 0 || 0 || 0 |
| 0 || 0 || 0 || 0 || 0 || 0 || 0 |
| 0 || 0 || 0 || 0 || 0 || 0 || 0 |
| 0 || 0 || 0 || 0 || 0 || 0 || 0 |
| 0 || 0 || 1 || 0 || 2 || 0 || 0 |
| 2 || 1 || 1 || 1 || 2 || 0 || 0 |

]]></system-out>
  <system-err><![CDATA[]]></system-err>
</testsuite>
