<?xml version="1.0" encoding="UTF-8"?>
<testsuite name="org.hszg.logic.board.PlaceStoneTest" tests="4" skipped="0" failures="0" errors="0" timestamp="2025-12-16T12:41:54.285Z" hostname="MacBook-Air-von-Niklas.local" time="0.003">
  <properties/>
  <testcase name="out of bounds check (above)" classname="org.hszg.logic.board.PlaceStoneTest" time="0.001"/>
  <testcase name="out of bounds check (below)" classname="org.hszg.logic.board.PlaceStoneTest" time="0.0"/>
  <testcase name="place too many stones on top of one another" classname="org.hszg.logic.board.PlaceStoneTest" time="0.0"/>
  <testcase name="valid placing check" classname="org.hszg.logic.board.PlaceStoneTest" time="0.001"/>
  <system-out><![CDATA[]]></system-out>
  <system-err><![CDATA[]]></system-err>
</testsuite>
